<?xml version="1.0" encoding="UTF-8"?>
<!-- Generated by org.testng.reporters.JUnitReportReporter -->
<testsuite hostname="LAPTOP-RIBD8V9J" failures="0" tests="3" name="Basic.prioritydefining" time="0.018" errors="0" timestamp="2023-01-03T18:19:08 IST" skipped="0">
  <testcase classname="Basic.prioritydefining" name="creatAccountTest" time="0.013"/>
  <system-out/>
  <testcase classname="Basic.prioritydefining" name="modifyAccountTest" time="0.002"/>
  <system-out/>
  <testcase classname="Basic.prioritydefining" name="deletAccountTest" time="0.003"/>
  <system-out/>
</testsuite> <!-- Basic.prioritydefining -->
