<?xml version="1.0" encoding="UTF-8"?>
<!-- Generated by org.testng.reporters.JUnitReportReporter -->
<testsuite hostname="LAPTOP-RIBD8V9J" failures="0" tests="1" name="Assert1.test4" time="42.643" errors="0" timestamp="2023-01-09T23:56:05 IST" skipped="0">
  <testcase classname="Assert1.test4" name="actitime" time="42.643"/>
  <system-out/>
</testsuite> <!-- Assert1.test4 -->
