<?xml version="1.0" encoding="UTF-8"?>
<!-- Generated by org.testng.reporters.JUnitReportReporter -->
<testsuite hostname="LAPTOP-RIBD8V9J" failures="0" tests="2" name="Basic.Test2" time="26.849" errors="0" timestamp="2023-01-03T17:53:34 IST" skipped="0">
  <testcase classname="Basic.Test2" name="bookMyShow" time="12.756"/>
  <system-out/>
  <testcase classname="Basic.Test2" name="actitime" time="14.093"/>
  <system-out/>
</testsuite> <!-- Basic.Test2 -->
