<?xml version="1.0" encoding="UTF-8"?>
<!-- Generated by org.testng.reporters.JUnitReportReporter -->
<testsuite hostname="LAPTOP-RIBD8V9J" failures="0" tests="2" name="CrossBrowser1Testing.Test1" time="626.678" errors="0" timestamp="2023-01-04T14:38:36 IST" skipped="0">
  <testcase classname="CrossBrowser1Testing.Test1" name="actitime" time="344.966"/>
  <system-out/>
  <testcase classname="CrossBrowser1Testing.Test1" name="actitime" time="281.712"/>
  <system-out/>
</testsuite> <!-- CrossBrowser1Testing.Test1 -->
