<?xml version="1.0" encoding="UTF-8"?>
<!-- Generated by org.testng.reporters.JUnitReportReporter -->
<testsuite hostname="LAPTOP-RIBD8V9J" failures="0" tests="1" name="Basic.Test1" time="18.385" errors="0" timestamp="2023-01-03T17:48:50 IST" skipped="0">
  <testcase classname="Basic.Test1" name="actitime" time="18.385"/>
  <system-out/>
</testsuite> <!-- Basic.Test1 -->
