<?xml version="1.0" encoding="UTF-8"?>
<!-- Generated by org.testng.reporters.JUnitReportReporter -->
<testsuite hostname="LAPTOP-RIBD8V9J" failures="0" tests="3" name="DataProvider1.test1" time="0.015" errors="0" timestamp="2023-01-09T13:39:16 IST" skipped="0">
  <testcase classname="DataProvider1.test1" name="bookticket" time="0.002"/>
  <system-out/>
  <testcase classname="DataProvider1.test1" name="bookticket" time="0.011"/>
  <system-out/>
  <testcase classname="DataProvider1.test1" name="bookticket" time="0.002"/>
  <system-out/>
</testsuite> <!-- DataProvider1.test1 -->
