<?xml version="1.0" encoding="UTF-8"?>
<!-- Generated by org.testng.reporters.JUnitReportReporter -->
<testsuite hostname="LAPTOP-RIBD8V9J" failures="0" tests="1" name="Batch1.Test1" time="360.744" errors="0" timestamp="2023-01-04T22:12:02 IST" skipped="0">
  <testcase classname="Batch1.Test1" name="actitime" time="360.744"/>
  <system-out/>
</testsuite> <!-- Batch1.Test1 -->
