<?xml version="1.0" encoding="UTF-8"?>
<!-- Generated by org.testng.reporters.JUnitReportReporter -->
<testsuite hostname="LAPTOP-RIBD8V9J" failures="0" tests="3" name="Basic.CountInvocation" time="0.016" errors="0" timestamp="2023-01-03T18:06:10 IST" skipped="0">
  <testcase classname="Basic.CountInvocation" name="modifyAccountTest" time="0.001"/>
  <system-out/>
  <testcase classname="Basic.CountInvocation" name="creatAccountTest" time="0.013"/>
  <system-out/>
  <testcase classname="Basic.CountInvocation" name="deletAccountTest" time="0.002"/>
  <system-out/>
</testsuite> <!-- Basic.CountInvocation -->
