<?xml version="1.0" encoding="UTF-8"?>
<!-- Generated by org.testng.reporters.JUnitReportReporter -->
<testsuite hostname="LAPTOP-RIBD8V9J" failures="0" tests="1" name="Assert1.test2" time="46.931" errors="0" timestamp="2023-01-09T23:43:11 IST" skipped="0">
  <testcase classname="Assert1.test2" name="actitime" time="46.931"/>
  <system-out/>
</testsuite> <!-- Assert1.test2 -->
